<?xml version="1.0" encoding="UTF-8"?>
<testsuite xmlns:xsi="http://www.w3.org/2001/XMLSchema-instance" xsi:noNamespaceSchemaLocation="https://maven.apache.org/surefire/maven-surefire-plugin/xsd/surefire-test-report-3.0.xsd" version="3.0" name="com.teletabisi.MedInstitutionApp.MedInstitutionAppApplicationTests" time="7.73" tests="1" errors="0" skipped="0" failures="0">
  <properties>
[...]
</properties>
  <testcase name="contextLoads" classname="com.teletabisi.MedInstitutionApp.MedInstitutionAppApplicationTests" time="0.555">
    <system-out><![CDATA[19:00:16.254 [main] INFO org.springframework.test.context.support.AnnotationConfigContextLoaderUtils -- Could not detect default configuration classes for test class [com.teletabisi.MedInstitutionApp.MedInstitutionAppApplicationTests]: MedInstitutionAppApplicationTests does not declare any static, non-private, non-final, nested classes annotated with @Configuration.
19:00:16.399 [main] INFO org.springframework.boot.test.context.SpringBootTestContextBootstrapper -- Found @SpringBootConfiguration com.teletabisi.MedInstitutionApp.MedInstitutionApplication for test class com.teletabisi.MedInstitutionApp.MedInstitutionAppApplicationTests

  .   ____          _            __ _ _
 /\\ / ___'_ __ _ _(_)_ __  __ _ \ \ \ \
( ( )\___ | '_ | '_| | '_ \/ _` | \ \ \ \
 \\/  ___)| |_)| | | | | || (_| |  ) ) ) )
  '  |____| .__|_| |_|_| |_\__, | / / / /
 =========|_|==============|___/=/_/_/_/
 :: Spring Boot ::                (v3.1.5)

2023-11-17T19:00:16.979+01:00  INFO 16764 --- [           main] c.t.M.MedInstitutionAppApplicationTests  : Starting MedInstitutionAppApplicationTests using Java 17.0.2 with PID 16764 (started by npral in C:\Users\npral\OneDrive\Dokumenti\GitHub\Teletabisi\IzvorniKod\MedInstitutionApp)
2023-11-17T19:00:16.981+01:00  INFO 16764 --- [           main] c.t.M.MedInstitutionAppApplicationTests  : No active profile set, falling back to 1 default profile: "default"
2023-11-17T19:00:17.911+01:00  INFO 16764 --- [           main] .s.d.r.c.RepositoryConfigurationDelegate : Bootstrapping Spring Data JPA repositories in DEFAULT mode.
2023-11-17T19:00:17.992+01:00  INFO 16764 --- [           main] .s.d.r.c.RepositoryConfigurationDelegate : Finished Spring Data repository scanning in 70 ms. Found 1 JPA repository interfaces.
2023-11-17T19:00:18.658+01:00  INFO 16764 --- [           main] o.hibernate.jpa.internal.util.LogHelper  : HHH000204: Processing PersistenceUnitInfo [name: default]
2023-11-17T19:00:18.768+01:00  INFO 16764 --- [           main] org.hibernate.Version                    : HHH000412: Hibernate ORM core version 6.2.13.Final
2023-11-17T19:00:18.772+01:00  INFO 16764 --- [           main] org.hibernate.cfg.Environment            : HHH000406: Using bytecode reflection optimizer
2023-11-17T19:00:19.211+01:00  INFO 16764 --- [           main] o.s.o.j.p.SpringPersistenceUnitInfo      : No LoadTimeWeaver setup: ignoring JPA class transformer
2023-11-17T19:00:19.243+01:00  INFO 16764 --- [           main] com.zaxxer.hikari.HikariDataSource       : HikariPool-1 - Starting...
2023-11-17T19:00:20.207+01:00  INFO 16764 --- [           main] com.zaxxer.hikari.pool.HikariPool        : HikariPool-1 - Added connection org.postgresql.jdbc.PgConnection@3ba3f40d
2023-11-17T19:00:20.209+01:00  INFO 16764 --- [           main] com.zaxxer.hikari.HikariDataSource       : HikariPool-1 - Start completed.
2023-11-17T19:00:21.456+01:00  INFO 16764 --- [           main] o.h.e.t.j.p.i.JtaPlatformInitiator       : HHH000489: No JTA platform available (set 'hibernate.transaction.jta.platform' to enable JTA platform integration)
2023-11-17T19:00:21.814+01:00  INFO 16764 --- [           main] j.LocalContainerEntityManagerFactoryBean : Initialized JPA EntityManagerFactory for persistence unit 'default'
2023-11-17T19:00:22.362+01:00  WARN 16764 --- [           main] JpaBaseConfiguration$JpaWebConfiguration : spring.jpa.open-in-view is enabled by default. Therefore, database queries may be performed during view rendering. Explicitly configure spring.jpa.open-in-view to disable this warning
2023-11-17T19:00:22.489+01:00  INFO 16764 --- [           main] o.s.s.web.DefaultSecurityFilterChain     : Will secure any request with [org.springframework.security.web.session.DisableEncodeUrlFilter@44d6f9cf, org.springframework.security.web.context.request.async.WebAsyncManagerIntegrationFilter@34f32575, org.springframework.security.web.context.SecurityContextHolderFilter@1d6014a7, org.springframework.security.web.header.HeaderWriterFilter@2d97344c, org.springframework.security.web.authentication.logout.LogoutFilter@1f6d3a81, com.teletabisi.MedInstitutionApp.security.jwt.JwtAuthenticationFilter@2a5ed225, org.springframework.security.web.savedrequest.RequestCacheAwareFilter@4626f584, org.springframework.security.web.servletapi.SecurityContextHolderAwareRequestFilter@15a5cc6e, org.springframework.security.web.authentication.AnonymousAuthenticationFilter@54224125, org.springframework.security.web.session.SessionManagementFilter@7dd2a5f7, org.springframework.security.web.access.ExceptionTranslationFilter@1239c268, org.springframework.security.web.access.intercept.AuthorizationFilter@341889a1]
2023-11-17T19:00:23.164+01:00  INFO 16764 --- [           main] c.t.M.MedInstitutionAppApplicationTests  : Started MedInstitutionAppApplicationTests in 6.498 seconds (process running for 7.807)
]]></system-out>
  </testcase>
</testsuite>